EventID: 4625
TimeCreated: 2024-06-10 08:30:01
Account Name: Administrator
Source Network Address: 172.16.0.55
Failure Reason: Unknown user name or bad password

EventID: 4625
TimeCreated: 2024-06-10 08:30:05
Account Name: Administrator
Source Network Address: 172.16.0.55
Failure Reason: Unknown user name or bad password

EventID: 4625
TimeCreated: 2024-06-10 08:30:09
Account Name: Administrator
Source Network Address: 172.16.0.55
Failure Reason: Unknown user name or bad password

EventID: 4625
TimeCreated: 2024-06-10 08:30:13
Account Name: Administrator
Source Network Address: 172.16.0.55
Failure Reason: Unknown user name or bad password

EventID: 4625
TimeCreated: 2024-06-10 08:30:17
Account Name: Administrator
Source Network Address: 172.16.0.55
Failure Reason: Unknown user name or bad password

EventID: 4624
TimeCreated: 2024-06-10 08:31:00
Account Name: svcadmin
Source Network Address: 172.16.0.55
Logon Type: 3

EventID: 4720
TimeCreated: 2024-06-10 09:00:00
Account Name: backdoor_user
Source Network Address: 172.16.0.55

EventID: 4624
TimeCreated: 2024-06-10 10:00:00
Account Name: alice
Source Network Address: 10.0.0.10
Logon Type: 2
